# JRE version: OpenJDK Runtime Environment (17.0.5+8) (build 17.0.5+8-Ubuntu-2ubuntu120.04)
# Java VM: OpenJDK 64-Bit Server VM (17.0.5+8-Ubuntu-2ubuntu120.04, mixed mode, sharing, tiered, compressed oops, compressed class ptrs, parallel gc, linux-amd64)
GC Precious Log:
 CPUs: 8 total, 8 available
 Memory: 12684M
 Large Page Support: Disabled
 NUMA Support: Disabled
 Compressed Oops: Enabled (32-bit)
 Alignments: Space 512K, Generation 512K, Heap 2M
 Heap Min Capacity: 100M
 Heap Initial Capacity: 100M
 Heap Max Capacity: 1G
 Pre-touch: Disabled
 Parallel Workers: 8
Heap:
 PSYoungGen      total 19968K, used 1821K [0x00000000eab00000, 0x00000000ec180000, 0x0000000100000000)
  eden space 18944K, 7% used [0x00000000eab00000,0x00000000eac77508,0x00000000ebd80000)
  from space 1024K, 31% used [0x00000000ebf80000,0x00000000ebfd0000,0x00000000ec080000)
  to   space 512K, 0% used [0x00000000ec100000,0x00000000ec100000,0x00000000ec180000)
 ParOldGen       total 80384K, used 70507K [0x00000000c0000000, 0x00000000c4e80000, 0x00000000eab00000)
  object space 80384K, 87% used [0x00000000c0000000,0x00000000c44dadc0,0x00000000c4e80000)
 Metaspace       used 60163K, committed 61440K, reserved 1105920K
  class space    used 6240K, committed 6784K, reserved 1048576K
GC Heap History (20 events):
Event: 13.167 GC heap before
{Heap before GC invocations=46 (full 3):
 PSYoungGen      total 20992K, used 20383K [0x00000000eab00000, 0x00000000ec380000, 0x0000000100000000)
  eden space 19968K, 99% used [0x00000000eab00000,0x00000000ebe57f48,0x00000000ebe80000)
  from space 1024K, 56% used [0x00000000ec000000,0x00000000ec090000,0x00000000ec100000)
  to   space 1536K, 0% used [0x00000000ec200000,0x00000000ec200000,0x00000000ec380000)
 ParOldGen       total 80384K, used 52601K [0x00000000c0000000, 0x00000000c4e80000, 0x00000000eab00000)
  object space 80384K, 65% used [0x00000000c0000000,0x00000000c335e5b8,0x00000000c4e80000)
 Metaspace       used 56609K, committed 57664K, reserved 1105920K
  class space    used 5863K, committed 6336K, reserved 1048576K
}
Event: 13.170 GC heap after
{Heap after GC invocations=46 (full 3):
 PSYoungGen      total 20480K, used 288K [0x00000000eab00000, 0x00000000ec280000, 0x0000000100000000)
  eden space 19968K, 0% used [0x00000000eab00000,0x00000000eab00000,0x00000000ebe80000)
  from space 512K, 56% used [0x00000000ec200000,0x00000000ec248000,0x00000000ec280000)
  to   space 512K, 0% used [0x00000000ec180000,0x00000000ec180000,0x00000000ec200000)
 ParOldGen       total 80384K, used 52986K [0x00000000c0000000, 0x00000000c4e80000, 0x00000000eab00000)
  object space 80384K, 65% used [0x00000000c0000000,0x00000000c33be8b0,0x00000000c4e80000)
 Metaspace       used 56609K, committed 57664K, reserved 1105920K
  class space    used 5863K, committed 6336K, reserved 1048576K
}
Event: 13.658 GC heap before
{Heap before GC invocations=47 (full 3):
 PSYoungGen      total 20480K, used 20256K [0x00000000eab00000, 0x00000000ec280000, 0x0000000100000000)
  eden space 19968K, 100% used [0x00000000eab00000,0x00000000ebe80000,0x00000000ebe80000)
  from space 512K, 56% used [0x00000000ec200000,0x00000000ec248000,0x00000000ec280000)
  to   space 512K, 0% used [0x00000000ec180000,0x00000000ec180000,0x00000000ec200000)
 ParOldGen       total 80384K, used 52986K [0x00000000c0000000, 0x00000000c4e80000, 0x00000000eab00000)
  object space 80384K, 65% used [0x00000000c0000000,0x00000000c33be8b0,0x00000000c4e80000)
 Metaspace       used 57056K, committed 58240K, reserved 1105920K
  class space    used 5904K, committed 6400K, reserved 1048576K
}
Event: 13.664 GC heap after
{Heap after GC invocations=47 (full 3):
 PSYoungGen      total 20480K, used 503K [0x00000000eab00000, 0x00000000ecd80000, 0x0000000100000000)
  eden space 19968K, 0% used [0x00000000eab00000,0x00000000eab00000,0x00000000ebe80000)
  from space 512K, 98% used [0x00000000ec180000,0x00000000ec1fde48,0x00000000ec200000)
  to   space 7680K, 0% used [0x00000000ec600000,0x00000000ec600000,0x00000000ecd80000)
 ParOldGen       total 80384K, used 58711K [0x00000000c0000000, 0x00000000c4e80000, 0x00000000eab00000)
  object space 80384K, 73% used [0x00000000c0000000,0x00000000c3955dc8,0x00000000c4e80000)
 Metaspace       used 57056K, committed 58240K, reserved 1105920K
  class space    used 5904K, committed 6400K, reserved 1048576K
}
Event: 13.822 GC heap before
{Heap before GC invocations=48 (full 3):
 PSYoungGen      total 20480K, used 20471K [0x00000000eab00000, 0x00000000ecd80000, 0x0000000100000000)
  eden space 19968K, 100% used [0x00000000eab00000,0x00000000ebe80000,0x00000000ebe80000)
  from space 512K, 98% used [0x00000000ec180000,0x00000000ec1fde48,0x00000000ec200000)
  to   space 7680K, 0% used [0x00000000ec600000,0x00000000ec600000,0x00000000ecd80000)
 ParOldGen       total 80384K, used 58711K [0x00000000c0000000, 0x00000000c4e80000, 0x00000000eab00000)
  object space 80384K, 73% used [0x00000000c0000000,0x00000000c3955dc8,0x00000000c4e80000)
 Metaspace       used 57230K, committed 58432K, reserved 1105920K
  class space    used 5917K, committed 6464K, reserved 1048576K
}
Event: 13.829 GC heap after
{Heap after GC invocations=48 (full 3):
 PSYoungGen      total 22016K, used 1776K [0x00000000eab00000, 0x00000000ec800000, 0x0000000100000000)
  eden space 19968K, 0% used [0x00000000eab00000,0x00000000eab00000,0x00000000ebe80000)
  from space 2048K, 86% used [0x00000000ec600000,0x00000000ec7bc010,0x00000000ec800000)
  to   space 3584K, 0% used [0x00000000ec100000,0x00000000ec100000,0x00000000ec480000)
 ParOldGen       total 80384K, used 59230K [0x00000000c0000000, 0x00000000c4e80000, 0x00000000eab00000)
  object space 80384K, 73% used [0x00000000c0000000,0x00000000c39d7b10,0x00000000c4e80000)
 Metaspace       used 57230K, committed 58432K, reserved 1105920K
  class space    used 5917K, committed 6464K, reserved 1048576K
}
Event: 13.902 GC heap before
{Heap before GC invocations=49 (full 3):
 PSYoungGen      total 22016K, used 21744K [0x00000000eab00000, 0x00000000ec800000, 0x0000000100000000)
  eden space 19968K, 100% used [0x00000000eab00000,0x00000000ebe80000,0x00000000ebe80000)
  from space 2048K, 86% used [0x00000000ec600000,0x00000000ec7bc010,0x00000000ec800000)
  to   space 3584K, 0% used [0x00000000ec100000,0x00000000ec100000,0x00000000ec480000)
 ParOldGen       total 80384K, used 59230K [0x00000000c0000000, 0x00000000c4e80000, 0x00000000eab00000)
  object space 80384K, 73% used [0x00000000c0000000,0x00000000c39d7b10,0x00000000c4e80000)
 Metaspace       used 57304K, committed 58496K, reserved 1105920K
  class space    used 5924K, committed 6464K, reserved 1048576K
}
Event: 13.908 GC heap after
{Heap after GC invocations=49 (full 3):
 PSYoungGen      total 22016K, used 1984K [0x00000000eab00000, 0x00000000ec680000, 0x0000000100000000)
  eden space 19968K, 0% used [0x00000000eab00000,0x00000000eab00000,0x00000000ebe80000)
  from space 2048K, 96% used [0x00000000ec100000,0x00000000ec2f0000,0x00000000ec300000)
  to   space 2560K, 0% used [0x00000000ec400000,0x00000000ec400000,0x00000000ec680000)
 ParOldGen       total 80384K, used 60862K [0x00000000c0000000, 0x00000000c4e80000, 0x00000000eab00000)
  object space 80384K, 75% used [0x00000000c0000000,0x00000000c3b6fb20,0x00000000c4e80000)
 Metaspace       used 57304K, committed 58496K, reserved 1105920K
  class space    used 5924K, committed 6464K, reserved 1048576K
}
Event: 14.013 GC heap before
{Heap before GC invocations=50 (full 3):
 PSYoungGen      total 22016K, used 21952K [0x00000000eab00000, 0x00000000ec680000, 0x0000000100000000)
  eden space 19968K, 100% used [0x00000000eab00000,0x00000000ebe80000,0x00000000ebe80000)
  from space 2048K, 96% used [0x00000000ec100000,0x00000000ec2f0000,0x00000000ec300000)
  to   space 2560K, 0% used [0x00000000ec400000,0x00000000ec400000,0x00000000ec680000)
 ParOldGen       total 80384K, used 60862K [0x00000000c0000000, 0x00000000c4e80000, 0x00000000eab00000)
  object space 80384K, 75% used [0x00000000c0000000,0x00000000c3b6fb20,0x00000000c4e80000)
 Metaspace       used 57405K, committed 58624K, reserved 1105920K
  class space    used 5924K, committed 6464K, reserved 1048576K
}
Event: 14.040 GC heap after
{Heap after GC invocations=50 (full 3):
 PSYoungGen      total 21504K, used 2551K [0x00000000eab00000, 0x00000000ecb80000, 0x0000000100000000)
  eden space 18944K, 0% used [0x00000000eab00000,0x00000000eab00000,0x00000000ebd80000)
  from space 2560K, 99% used [0x00000000ec400000,0x00000000ec67ddf8,0x00000000ec680000)
  to   space 6656K, 0% used [0x00000000ebd80000,0x00000000ebd80000,0x00000000ec400000)
 ParOldGen       total 80384K, used 64047K [0x00000000c0000000, 0x00000000c4e80000, 0x00000000eab00000)
  object space 80384K, 79% used [0x00000000c0000000,0x00000000c3e8bc48,0x00000000c4e80000)
 Metaspace       used 57405K, committed 58624K, reserved 1105920K
  class space    used 5924K, committed 6464K, reserved 1048576K
}
Event: 14.341 GC heap before
{Heap before GC invocations=51 (full 3):
 PSYoungGen      total 21504K, used 21495K [0x00000000eab00000, 0x00000000ecb80000, 0x0000000100000000)
  eden space 18944K, 100% used [0x00000000eab00000,0x00000000ebd80000,0x00000000ebd80000)
  from space 2560K, 99% used [0x00000000ec400000,0x00000000ec67ddf8,0x00000000ec680000)
  to   space 6656K, 0% used [0x00000000ebd80000,0x00000000ebd80000,0x00000000ec400000)
 ParOldGen       total 80384K, used 64047K [0x00000000c0000000, 0x00000000c4e80000, 0x00000000eab00000)
  object space 80384K, 79% used [0x00000000c0000000,0x00000000c3e8bc48,0x00000000c4e80000)
 Metaspace       used 57604K, committed 58816K, reserved 1105920K
  class space    used 5924K, committed 6464K, reserved 1048576K
}
Event: 14.352 GC heap after
{Heap after GC invocations=51 (full 3):
 PSYoungGen      total 22528K, used 3360K [0x00000000eab00000, 0x00000000ec680000, 0x0000000100000000)
  eden space 18944K, 0% used [0x00000000eab00000,0x00000000eab00000,0x00000000ebd80000)
  from space 3584K, 93% used [0x00000000ebd80000,0x00000000ec0c8010,0x00000000ec100000)
  to   space 4608K, 0% used [0x00000000ec200000,0x00000000ec200000,0x00000000ec680000)
 ParOldGen       total 80384K, used 65700K [0x00000000c0000000, 0x00000000c4e80000, 0x00000000eab00000)
  object space 80384K, 81% used [0x00000000c0000000,0x00000000c40290e8,0x00000000c4e80000)
 Metaspace       used 57604K, committed 58816K, reserved 1105920K
  class space    used 5924K, committed 6464K, reserved 1048576K
}
Event: 14.939 GC heap before
{Heap before GC invocations=52 (full 3):
 PSYoungGen      total 22528K, used 22304K [0x00000000eab00000, 0x00000000ec680000, 0x0000000100000000)
  eden space 18944K, 100% used [0x00000000eab00000,0x00000000ebd80000,0x00000000ebd80000)
  from space 3584K, 93% used [0x00000000ebd80000,0x00000000ec0c8010,0x00000000ec100000)
  to   space 4608K, 0% used [0x00000000ec200000,0x00000000ec200000,0x00000000ec680000)
 ParOldGen       total 80384K, used 65700K [0x00000000c0000000, 0x00000000c4e80000, 0x00000000eab00000)
  object space 80384K, 81% used [0x00000000c0000000,0x00000000c4029268,0x00000000c4e80000)
 Metaspace       used 59180K, committed 60416K, reserved 1105920K
  class space    used 6122K, committed 6656K, reserved 1048576K
}
Event: 14.955 GC heap after
{Heap after GC invocations=52 (full 3):
 PSYoungGen      total 19968K, used 823K [0x00000000eab00000, 0x00000000ec300000, 0x0000000100000000)
  eden space 18944K, 0% used [0x00000000eab00000,0x00000000eab00000,0x00000000ebd80000)
  from space 1024K, 80% used [0x00000000ec200000,0x00000000ec2cdf50,0x00000000ec300000)
  to   space 2048K, 0% used [0x00000000ebf00000,0x00000000ebf00000,0x00000000ec100000)
 ParOldGen       total 80384K, used 68939K [0x00000000c0000000, 0x00000000c4e80000, 0x00000000eab00000)
  object space 80384K, 85% used [0x00000000c0000000,0x00000000c4352ea0,0x00000000c4e80000)
 Metaspace       used 59180K, committed 60416K, reserved 1105920K
  class space    used 6122K, committed 6656K, reserved 1048576K
}
Event: 15.191 GC heap before
{Heap before GC invocations=53 (full 3):
 PSYoungGen      total 19968K, used 19767K [0x00000000eab00000, 0x00000000ec300000, 0x0000000100000000)
  eden space 18944K, 100% used [0x00000000eab00000,0x00000000ebd80000,0x00000000ebd80000)
  from space 1024K, 80% used [0x00000000ec200000,0x00000000ec2cdf50,0x00000000ec300000)
  to   space 2048K, 0% used [0x00000000ebf00000,0x00000000ebf00000,0x00000000ec100000)
 ParOldGen       total 80384K, used 68941K [0x00000000c0000000, 0x00000000c4e80000, 0x00000000eab00000)
  object space 80384K, 85% used [0x00000000c0000000,0x00000000c43535d8,0x00000000c4e80000)
 Metaspace       used 59797K, committed 61056K, reserved 1105920K
  class space    used 6202K, committed 6720K, reserved 1048576K
}
Event: 15.196 GC heap after
{Heap after GC invocations=53 (full 3):
 PSYoungGen      total 20992K, used 968K [0x00000000eab00000, 0x00000000ec280000, 0x0000000100000000)
  eden space 18944K, 0% used [0x00000000eab00000,0x00000000eab00000,0x00000000ebd80000)
  from space 2048K, 47% used [0x00000000ebf00000,0x00000000ebff2140,0x00000000ec100000)
  to   space 1536K, 0% used [0x00000000ec100000,0x00000000ec100000,0x00000000ec280000)
 ParOldGen       total 80384K, used 69547K [0x00000000c0000000, 0x00000000c4e80000, 0x00000000eab00000)
  object space 80384K, 86% used [0x00000000c0000000,0x00000000c43eac80,0x00000000c4e80000)
 Metaspace       used 59797K, committed 61056K, reserved 1105920K
  class space    used 6202K, committed 6720K, reserved 1048576K
}
Event: 15.401 GC heap before
{Heap before GC invocations=54 (full 3):
 PSYoungGen      total 20992K, used 19874K [0x00000000eab00000, 0x00000000ec280000, 0x0000000100000000)
  eden space 18944K, 99% used [0x00000000eab00000,0x00000000ebd76848,0x00000000ebd80000)
  from space 2048K, 47% used [0x00000000ebf00000,0x00000000ebff2140,0x00000000ec100000)
  to   space 1536K, 0% used [0x00000000ec100000,0x00000000ec100000,0x00000000ec280000)
 ParOldGen       total 80384K, used 69547K [0x00000000c0000000, 0x00000000c4e80000, 0x00000000eab00000)
  object space 80384K, 86% used [0x00000000c0000000,0x00000000c43eac80,0x00000000c4e80000)
 Metaspace       used 59827K, committed 61056K, reserved 1105920K
  class space    used 6202K, committed 6720K, reserved 1048576K
}
Event: 15.406 GC heap after
{Heap after GC invocations=54 (full 3):
 PSYoungGen      total 19456K, used 352K [0x00000000eab00000, 0x00000000ec180000, 0x0000000100000000)
  eden space 18944K, 0% used [0x00000000eab00000,0x00000000eab00000,0x00000000ebd80000)
  from space 512K, 68% used [0x00000000ec100000,0x00000000ec158000,0x00000000ec180000)
  to   space 1024K, 0% used [0x00000000ebf80000,0x00000000ebf80000,0x00000000ec080000)
 ParOldGen       total 80384K, used 70363K [0x00000000c0000000, 0x00000000c4e80000, 0x00000000eab00000)
  object space 80384K, 87% used [0x00000000c0000000,0x00000000c44b6dc0,0x00000000c4e80000)
 Metaspace       used 59827K, committed 61056K, reserved 1105920K
  class space    used 6202K, committed 6720K, reserved 1048576K
}
Event: 129.248 GC heap before
{Heap before GC invocations=55 (full 3):
 PSYoungGen      total 19456K, used 19284K [0x00000000eab00000, 0x00000000ec180000, 0x0000000100000000)
  eden space 18944K, 99% used [0x00000000eab00000,0x00000000ebd7d258,0x00000000ebd80000)
  from space 512K, 68% used [0x00000000ec100000,0x00000000ec158000,0x00000000ec180000)
  to   space 1024K, 0% used [0x00000000ebf80000,0x00000000ebf80000,0x00000000ec080000)
 ParOldGen       total 80384K, used 70363K [0x00000000c0000000, 0x00000000c4e80000, 0x00000000eab00000)
  object space 80384K, 87% used [0x00000000c0000000,0x00000000c44b6dc0,0x00000000c4e80000)
 Metaspace       used 59910K, committed 61184K, reserved 1105920K
  class space    used 6212K, committed 6784K, reserved 1048576K
}
Event: 129.250 GC heap after
{Heap after GC invocations=55 (full 3):
 PSYoungGen      total 19968K, used 320K [0x00000000eab00000, 0x00000000ec180000, 0x0000000100000000)
  eden space 18944K, 0% used [0x00000000eab00000,0x00000000eab00000,0x00000000ebd80000)
  from space 1024K, 31% used [0x00000000ebf80000,0x00000000ebfd0000,0x00000000ec080000)
  to   space 512K, 0% used [0x00000000ec100000,0x00000000ec100000,0x00000000ec180000)
 ParOldGen       total 80384K, used 70507K [0x00000000c0000000, 0x00000000c4e80000, 0x00000000eab00000)
  object space 80384K, 87% used [0x00000000c0000000,0x00000000c44dadc0,0x00000000c4e80000)
 Metaspace       used 59910K, committed 61184K, reserved 1105920K
  class space    used 6212K, committed 6784K, reserved 1048576K
}

